base
base-devel
bluez
bluez-utils
brightnessctl
discord
fish
fzf
git
go
grim
grub
hyprland
hyprshot
kitty
libreoffice-fresh
luarocks
meson
neovim
networkmanager
ninja
ntp
paru-bin
pipewire
reflector
ripgrep
rofi
slurp
swaync
swww
terminus-font
thunar
ttf-profont-nerd
visual-studio-code-bin
waybar
waypaper
wget
wireplumber
wl-clipboard
xdg-desktop-portal
xdg-desktop-portal-hyprland
yay-bin
zen-browser-bin
starship 
cava 
zellij
openvpn
github-cli
freerdp
openssh
netcat
obsidian
tty-clock
fastfetch
noto-fonts
noto-fonts-emoji
noto-fonts-extra
xfce-polkit
lxappearance
thunar-volman
thunar-archive-plugin
tumbler
gvfs
gvfs-mtp
gvfs-afc
gvfs-smb
gvfs-gphoto2
gsettings-desktop-schemas
